Conversione file STEP in Solid Edge
Data: sabato,novembre 20,2021 06:07
File sorgente: C:\Users\Computer\PycharmProjects\graphStepSimilarity\models\plate1.stp
Autore: Unknown
Organizzazione: Unknown
Sistema sorgente: Solid Edge

Hardware:
Processore: Intel(R) Core(TM) i5-8250U CPU @ 1.60GHz
Sistema operativo: Windows 10
Memoria installata: 7.87 GB

Informazioni sul software
Versione Parasolid: 32.1.222
Versione PSBodyShop: 32.1.94
Versione step adattatore: 5.0.107
Versione Solid Edge: 221.00.03.003 x64

Opzioni di importazione STEP
Importa corpi sfaccettati: On
Importa corpi di controllo: Off
Importa curve: On
Importa DoNotSave: On
Importa corpi multipli come file Part singoli: On
Importa superfici di cucitura: On
Importa solidi booleani: On
Assumi come feature di base: On
Semplifica geometria: On
Importa curve di stampa: On
Importa guida: C:
Importa superfici di cucitura: On
Importa superfici: On
Importa percorso di output: C:\Users\Computer\PycharmProjects\graphStepSimilarity\models
Importa attivazione percorso di output predefinito: On
Importa PMI: Off.
Importa come componenti interni: Off
Importa percorso: 

Conversione in tipi di dati di Parasolid...
+Assieme iniziale 1
+Il file Assembly di SE C:\Users\Computer\PycharmProjects\graphStepSimilarity\models\plate1.asm è stato creato
|--+Il file part di SE C:\Users\Computer\PycharmProjects\graphStepSimilarity\models\bearing1.par è stato creato
|--+Il file part di SE C:\Users\Computer\PycharmProjects\graphStepSimilarity\models\plate1.par è stato creato
|--+Il file part di SE C:\Users\Computer\PycharmProjects\graphStepSimilarity\models\shaft1.par è stato creato
|--+Il file part di SE C:\Users\Computer\PycharmProjects\graphStepSimilarity\models\washer1.par è stato creato
|--+Il file part di SE C:\Users\Computer\PycharmProjects\graphStepSimilarity\models\gear1.par è stato creato
+Totale parti:  10
+Assiemi: 0
+Corpi solidi: 10
+Corpi foglio:  0
+Assieme finale 1
Processo di conversione completato
Tempo totale richiesto per convertire e postprocessare:00 : 00 : 00
